<?xml version="1.0" encoding="UTF-8"?>
<testsuite xmlns:xsi="http://www.w3.org/2001/XMLSchema-instance" xsi:noNamespaceSchemaLocation="https://maven.apache.org/surefire/maven-surefire-plugin/xsd/surefire-test-report-3.0.xsd" version="3.0" name="ku.atm.AtmUATTest" time="0.215" tests="8" errors="0" skipped="0" failures="0">
  <properties>
[...]
</properties>
  <testcase name="Deposit money successfully" classname="Deposit money" time="0.05">
    <system-out><![CDATA[
Scenario: Deposit money successfully                             &amp#27;[90m# features/deposit.feature:10&amp#27;[0m
  &amp#27;[32mGiven &amp#27;[0m&amp#27;[32ma customer with id &amp#27;[0m&amp#27;[32m&amp#27;[1m1&amp#27;[0m&amp#27;[32m and pin &amp#27;[0m&amp#27;[32m&amp#27;[1m111&amp#27;[0m&amp#27;[32m with balance &amp#27;[0m&amp#27;[32m&amp#27;[1m100&amp#27;[0m&amp#27;[32m exists&amp#27;[0m &amp#27;[90m# ku.atm.StepDefATM.a_customer_with_id_and_pin_with_balance_exists(int,int,double)&amp#27;[0m
  &amp#27;[32mWhen &amp#27;[0m&amp#27;[32mI login to ATM with id &amp#27;[0m&amp#27;[32m&amp#27;[1m1&amp#27;[0m&amp#27;[32m and pin &amp#27;[0m&amp#27;[32m&amp#27;[1m111&amp#27;[0m                      &amp#27;[90m# ku.atm.StepDefATM.i_login_to_ATM_with_id_and_pin(int,int)&amp#27;[0m
  &amp#27;[32mWhen &amp#27;[0m&amp#27;[32mI deposit &amp#27;[0m&amp#27;[32m&amp#27;[1m200&amp#27;[0m                                             &amp#27;[90m# ku.atm.StepDefATM.i_deposit(double)&amp#27;[0m
  &amp#27;[32mThen &amp#27;[0m&amp#27;[32mmy account balance is &amp#27;[0m&amp#27;[32m&amp#27;[1m300&amp#27;[0m                                 &amp#27;[90m# ku.atm.StepDefATM.my_account_balance_is(double)&amp#27;[0m
]]></system-out>
  </testcase>
  <testcase name="Deposit zero or negative amount" classname="Deposit money" time="0.007">
    <system-out><![CDATA[
Scenario: Deposit zero or negative amount                        &amp#27;[90m# features/deposit.feature:14&amp#27;[0m
  &amp#27;[32mGiven &amp#27;[0m&amp#27;[32ma customer with id &amp#27;[0m&amp#27;[32m&amp#27;[1m1&amp#27;[0m&amp#27;[32m and pin &amp#27;[0m&amp#27;[32m&amp#27;[1m111&amp#27;[0m&amp#27;[32m with balance &amp#27;[0m&amp#27;[32m&amp#27;[1m100&amp#27;[0m&amp#27;[32m exists&amp#27;[0m &amp#27;[90m# ku.atm.StepDefATM.a_customer_with_id_and_pin_with_balance_exists(int,int,double)&amp#27;[0m
  &amp#27;[32mWhen &amp#27;[0m&amp#27;[32mI login to ATM with id &amp#27;[0m&amp#27;[32m&amp#27;[1m1&amp#27;[0m&amp#27;[32m and pin &amp#27;[0m&amp#27;[32m&amp#27;[1m111&amp#27;[0m                      &amp#27;[90m# ku.atm.StepDefATM.i_login_to_ATM_with_id_and_pin(int,int)&amp#27;[0m
  &amp#27;[32mWhen &amp#27;[0m&amp#27;[32mI deposit &amp#27;[0m&amp#27;[32m&amp#27;[1m-50&amp#27;[0m                                             &amp#27;[90m# ku.atm.StepDefATM.i_deposit(double)&amp#27;[0m
  &amp#27;[32mThen &amp#27;[0m&amp#27;[32mI should see an error message &amp#27;[0m&amp#27;[32m&amp#27;[1m"Invalid deposit amount"&amp#27;[0m    &amp#27;[90m# ku.atm.StepDefATM.i_should_see_an_error_message(java.lang.String)&amp#27;[0m
]]></system-out>
  </testcase>
  <testcase name="Correct id and pin" classname="login" time="0.005">
    <system-out><![CDATA[
Scenario: Correct id and pin                    &amp#27;[90m# features/login.feature:9&amp#27;[0m
  &amp#27;[32mGiven &amp#27;[0m&amp#27;[32ma customer with id &amp#27;[0m&amp#27;[32m&amp#27;[1m1&amp#27;[0m&amp#27;[32m and pin &amp#27;[0m&amp#27;[32m&amp#27;[1m111&amp#27;[0m&amp#27;[32m exists&amp#27;[0m &amp#27;[90m# ku.atm.StepDefATM.a_customer_with_id_and_pin_exists(int,int)&amp#27;[0m
  &amp#27;[32mWhen &amp#27;[0m&amp#27;[32mI login to ATM with id &amp#27;[0m&amp#27;[32m&amp#27;[1m1&amp#27;[0m&amp#27;[32m and pin &amp#27;[0m&amp#27;[32m&amp#27;[1m111&amp#27;[0m     &amp#27;[90m# ku.atm.StepDefATM.i_login_to_ATM_with_id_and_pin(int,int)&amp#27;[0m
  &amp#27;[32mThen &amp#27;[0m&amp#27;[32mI can login&amp#27;[0m                              &amp#27;[90m# ku.atm.StepDefATM.i_can_login()&amp#27;[0m
]]></system-out>
  </testcase>
  <testcase name="Incorrect pin" classname="login" time="0.005">
    <system-out><![CDATA[
Scenario: Incorrect pin                         &amp#27;[90m# features/login.feature:13&amp#27;[0m
  &amp#27;[32mGiven &amp#27;[0m&amp#27;[32ma customer with id &amp#27;[0m&amp#27;[32m&amp#27;[1m1&amp#27;[0m&amp#27;[32m and pin &amp#27;[0m&amp#27;[32m&amp#27;[1m111&amp#27;[0m&amp#27;[32m exists&amp#27;[0m &amp#27;[90m# ku.atm.StepDefATM.a_customer_with_id_and_pin_exists(int,int)&amp#27;[0m
  &amp#27;[32mWhen &amp#27;[0m&amp#27;[32mI login to ATM with id &amp#27;[0m&amp#27;[32m&amp#27;[1m1&amp#27;[0m&amp#27;[32m and pin &amp#27;[0m&amp#27;[32m&amp#27;[1m222&amp#27;[0m     &amp#27;[90m# ku.atm.StepDefATM.i_login_to_ATM_with_id_and_pin(int,int)&amp#27;[0m
  &amp#27;[32mThen &amp#27;[0m&amp#27;[32mI cannot login&amp#27;[0m                           &amp#27;[90m# ku.atm.StepDefATM.i_cannot_login()&amp#27;[0m
]]></system-out>
  </testcase>
  <testcase name="Login with invalid ID" classname="login" time="0.006">
    <system-out><![CDATA[
Scenario: Login with invalid ID                    &amp#27;[90m# features/login.feature:17&amp#27;[0m
  &amp#27;[32mGiven &amp#27;[0m&amp#27;[32ma customer with id &amp#27;[0m&amp#27;[32m&amp#27;[1m1&amp#27;[0m&amp#27;[32m and pin &amp#27;[0m&amp#27;[32m&amp#27;[1m111&amp#27;[0m&amp#27;[32m exists&amp#27;[0m    &amp#27;[90m# ku.atm.StepDefATM.a_customer_with_id_and_pin_exists(int,int)&amp#27;[0m
  &amp#27;[32mWhen &amp#27;[0m&amp#27;[32mI login to ATM with id &amp#27;[0m&amp#27;[32m&amp#27;[1m999&amp#27;[0m&amp#27;[32m and pin &amp#27;[0m&amp#27;[32m&amp#27;[1m111&amp#27;[0m      &amp#27;[90m# ku.atm.StepDefATM.i_login_to_ATM_with_id_and_pin(int,int)&amp#27;[0m
  &amp#27;[32mThen &amp#27;[0m&amp#27;[32mI cannot login&amp#27;[0m                              &amp#27;[90m# ku.atm.StepDefATM.i_cannot_login()&amp#27;[0m
  &amp#27;[32mAnd &amp#27;[0m&amp#27;[32mI should see an error message &amp#27;[0m&amp#27;[32m&amp#27;[1m"ID not found"&amp#27;[0m &amp#27;[90m# ku.atm.StepDefATM.i_should_see_an_error_message(java.lang.String)&amp#27;[0m
]]></system-out>
  </testcase>
  <testcase name="Transfer amount less than my balance" classname="transfer" time="0.008">
    <system-out><![CDATA[
Scenario: Transfer amount less than my balance                   &amp#27;[90m# features/transfer.feature:10&amp#27;[0m
  &amp#27;[32mGiven &amp#27;[0m&amp#27;[32ma customer with id &amp#27;[0m&amp#27;[32m&amp#27;[1m1&amp#27;[0m&amp#27;[32m and pin &amp#27;[0m&amp#27;[32m&amp#27;[1m111&amp#27;[0m&amp#27;[32m with balance &amp#27;[0m&amp#27;[32m&amp#27;[1m200&amp#27;[0m&amp#27;[32m exists&amp#27;[0m &amp#27;[90m# ku.atm.StepDefATM.a_customer_with_id_and_pin_with_balance_exists(int,int,double)&amp#27;[0m
  &amp#27;[32mAnd &amp#27;[0m&amp#27;[32ma customer with id &amp#27;[0m&amp#27;[32m&amp#27;[1m2&amp#27;[0m&amp#27;[32m and pin &amp#27;[0m&amp#27;[32m&amp#27;[1m222&amp#27;[0m&amp#27;[32m with balance &amp#27;[0m&amp#27;[32m&amp#27;[1m50&amp#27;[0m&amp#27;[32m exists&amp#27;[0m    &amp#27;[90m# ku.atm.StepDefATM.a_customer_with_id_and_pin_with_balance_exists(int,int,double)&amp#27;[0m
  &amp#27;[32mWhen &amp#27;[0m&amp#27;[32mI login to ATM with id &amp#27;[0m&amp#27;[32m&amp#27;[1m1&amp#27;[0m&amp#27;[32m and pin &amp#27;[0m&amp#27;[32m&amp#27;[1m111&amp#27;[0m                      &amp#27;[90m# ku.atm.StepDefATM.i_login_to_ATM_with_id_and_pin(int,int)&amp#27;[0m
  &amp#27;[32mWhen &amp#27;[0m&amp#27;[32mI transfer &amp#27;[0m&amp#27;[32m&amp#27;[1m20&amp#27;[0m&amp#27;[32m to customer id &amp#27;[0m&amp#27;[32m&amp#27;[1m2&amp#27;[0m                            &amp#27;[90m# ku.atm.StepDefATM.i_transfer_to_customer_id(double,int)&amp#27;[0m
  &amp#27;[32mThen &amp#27;[0m&amp#27;[32mmy account balance is &amp#27;[0m&amp#27;[32m&amp#27;[1m180&amp#27;[0m                                 &amp#27;[90m# ku.atm.StepDefATM.my_account_balance_is(double)&amp#27;[0m
  &amp#27;[32mAnd &amp#27;[0m&amp#27;[32mcustomer id &amp#27;[0m&amp#27;[32m&amp#27;[1m2&amp#27;[0m&amp#27;[32m account balance is &amp#27;[0m&amp#27;[32m&amp#27;[1m70&amp#27;[0m                        &amp#27;[90m# ku.atm.StepDefATM.customer_id_account_balance_is(int,double)&amp#27;[0m
]]></system-out>
  </testcase>
  <testcase name="Withdraw amount less than balance" classname="withdraw" time="0.005">
    <system-out><![CDATA[
Scenario: Withdraw amount less than balance                      &amp#27;[90m# features/withdraw.feature:9&amp#27;[0m
  &amp#27;[32mGiven &amp#27;[0m&amp#27;[32ma customer with id &amp#27;[0m&amp#27;[32m&amp#27;[1m1&amp#27;[0m&amp#27;[32m and pin &amp#27;[0m&amp#27;[32m&amp#27;[1m111&amp#27;[0m&amp#27;[32m with balance &amp#27;[0m&amp#27;[32m&amp#27;[1m200&amp#27;[0m&amp#27;[32m exists&amp#27;[0m &amp#27;[90m# ku.atm.StepDefATM.a_customer_with_id_and_pin_with_balance_exists(int,int,double)&amp#27;[0m
  &amp#27;[32mWhen &amp#27;[0m&amp#27;[32mI login to ATM with id &amp#27;[0m&amp#27;[32m&amp#27;[1m1&amp#27;[0m&amp#27;[32m and pin &amp#27;[0m&amp#27;[32m&amp#27;[1m111&amp#27;[0m                      &amp#27;[90m# ku.atm.StepDefATM.i_login_to_ATM_with_id_and_pin(int,int)&amp#27;[0m
  &amp#27;[32mWhen &amp#27;[0m&amp#27;[32mI withdraw &amp#27;[0m&amp#27;[32m&amp#27;[1m50&amp#27;[0m&amp#27;[32m from ATM&amp#27;[0m                                    &amp#27;[90m# ku.atm.StepDefATM.i_withdraw_from_atm(double)&amp#27;[0m
  &amp#27;[32mThen &amp#27;[0m&amp#27;[32mmy account balance is &amp#27;[0m&amp#27;[32m&amp#27;[1m150&amp#27;[0m                                 &amp#27;[90m# ku.atm.StepDefATM.my_account_balance_is(double)&amp#27;[0m
]]></system-out>
  </testcase>
  <testcase name="Withdraw amount more than balance" classname="withdraw" time="0.005">
    <system-out><![CDATA[
Scenario: Withdraw amount more than balance                      &amp#27;[90m# features/withdraw.feature:13&amp#27;[0m
  &amp#27;[32mGiven &amp#27;[0m&amp#27;[32ma customer with id &amp#27;[0m&amp#27;[32m&amp#27;[1m1&amp#27;[0m&amp#27;[32m and pin &amp#27;[0m&amp#27;[32m&amp#27;[1m111&amp#27;[0m&amp#27;[32m with balance &amp#27;[0m&amp#27;[32m&amp#27;[1m200&amp#27;[0m&amp#27;[32m exists&amp#27;[0m &amp#27;[90m# ku.atm.StepDefATM.a_customer_with_id_and_pin_with_balance_exists(int,int,double)&amp#27;[0m
  &amp#27;[32mWhen &amp#27;[0m&amp#27;[32mI login to ATM with id &amp#27;[0m&amp#27;[32m&amp#27;[1m1&amp#27;[0m&amp#27;[32m and pin &amp#27;[0m&amp#27;[32m&amp#27;[1m111&amp#27;[0m                      &amp#27;[90m# ku.atm.StepDefATM.i_login_to_ATM_with_id_and_pin(int,int)&amp#27;[0m
  &amp#27;[32mWhen &amp#27;[0m&amp#27;[32mI overdraw &amp#27;[0m&amp#27;[32m&amp#27;[1m5000&amp#27;[0m&amp#27;[32m from ATM&amp#27;[0m                                  &amp#27;[90m# ku.atm.StepDefATM.i_withdraw_from_atm_more_than_balance(double)&amp#27;[0m
  &amp#27;[32mThen &amp#27;[0m&amp#27;[32mmy account balance is &amp#27;[0m&amp#27;[32m&amp#27;[1m200&amp#27;[0m                                 &amp#27;[90m# ku.atm.StepDefATM.my_account_balance_is(double)&amp#27;[0m
]]></system-out>
  </testcase>
</testsuite>